<?xml version="1.0" encoding="UTF-8"?>
<!-- Generated by org.testng.reporters.JUnitReportReporter -->
<testsuite skipped="0" hostname="Admin-PC" name="MavenProject.MavenJavaPro.Selenium" tests="2" failures="0" timestamp="2020-07-22T01:24:17 IST" time="0.014" errors="0">
  <testcase name="browserUI" time="0.002" classname="MavenProject.MavenJavaPro.Selenium"/>
  <system-out/>
  <testcase name="browserAuto" time="0.012" classname="MavenProject.MavenJavaPro.Selenium"/>
  <system-out/>
</testsuite> <!-- MavenProject.MavenJavaPro.Selenium -->
