<?xml version="1.0" encoding="UTF-8"?>
<!-- Generated by org.testng.reporters.JUnitReportReporter -->
<testsuite skipped="0" hostname="Admin-PC" name="MavenProject.MavenJavaPro.Selenium" tests="2" failures="0" timestamp="2020-07-28T01:20:55 IST" time="0.002" errors="0">
  <testcase name="browserUI" time="0.001" classname="MavenProject.MavenJavaPro.Selenium"/>
  <system-out/>
  <testcase name="browserAuto" time="0.001" classname="MavenProject.MavenJavaPro.Selenium"/>
  <system-out/>
</testsuite> <!-- MavenProject.MavenJavaPro.Selenium -->
